<?xml version="1.0" encoding="UTF-8"?>
<!-- Generated by org.testng.reporters.JUnitXMLReporter -->
<testsuite ignored="1" hostname="LAPTOP-8DJQJPND" failures="0" tests="3" name="Test" time="8.767" errors="0" timestamp="2024-09-25T13:52:45 IST">
  <testcase classname="TestNgDemo.TestNgGroupExecution" name="fullname" time="0.322"/>
  <testcase classname="TestNgDemo.TestNgGroupExecution" name="Enteremail" time="0.138"/>
  <testcase classname="TestNgDemo.TestNgGroupExecution" name="click_on_Signup_button" time="0.204"/>
  <testcase classname="TestNgDemo.TestNgGroupExecution" name="teardown" time="0.0">
    <ignored/>
  </testcase> <!-- teardown -->
</testsuite> <!-- Test -->
